<?xml version="1.0" encoding="UTF-8"?>
<!-- Generated by org.testng.reporters.JUnitXMLReporter -->
<testsuite ignored="4" hostname="LAPTOP-O761MFJJ" failures="0" tests="2" name="Surefire test" time="11.531" errors="0" timestamp="2023-05-08T12:18:43 NPT">
  <testcase classname="testRunners.AddRemoveElementsTests" name="addElementTest" time="0.128"/>
  <testcase classname="testRunners.AddRemoveElementsTests" name="removeElementTest" time="0.083"/>
  <testcase classname="testRunners.BaseTest" name="@AfterSuite tearDown" time="0.0">
    <ignored/>
  </testcase> <!-- @AfterSuite tearDown -->
  <testcase classname="testRunners.BaseTest" name="@BeforeSuite setup" time="0.0">
    <ignored/>
  </testcase> <!-- @BeforeSuite setup -->
  <testcase classname="testRunners.BaseTest" name="@BeforeSuite setup" time="0.0">
    <ignored/>
  </testcase> <!-- @BeforeSuite setup -->
  <testcase classname="testRunners.BaseTest" name="@AfterSuite tearDown" time="0.0">
    <ignored/>
  </testcase> <!-- @AfterSuite tearDown -->
</testsuite> <!-- Surefire test -->
