<?xml version="1.0" encoding="UTF-8"?>
<!-- Generated by org.testng.reporters.JUnitXMLReporter -->
<testsuite ignored="2" hostname="LAPTOP-O761MFJJ" failures="0" tests="1" name="Surefire test" time="14.418" errors="0" timestamp="2023-05-02T14:28:57 NPT">
  <testcase classname="testRunners.AddRemoveElementsTests" name="addElementTest" time="0.34"/>
  <testcase classname="testRunners.BaseTest" name="@AfterSuite tearDown" time="0.0">
    <ignored/>
  </testcase> <!-- @AfterSuite tearDown -->
  <testcase classname="testRunners.BaseTest" name="@BeforeSuite setup" time="0.0">
    <ignored/>
  </testcase> <!-- @BeforeSuite setup -->
</testsuite> <!-- Surefire test -->
