<?xml version="1.0" encoding="UTF-8"?>
<testng-results ignored="4" total="6" passed="2" failed="0" skipped="0">
  <reporter-output>
  </reporter-output>
  <suite started-at="2023-05-08T12:18:31 NPT" name="Surefire suite" finished-at="2023-05-08T12:18:42 NPT" duration-ms="11531">
    <groups>
    </groups>
    <test started-at="2023-05-08T12:18:31 NPT" name="Surefire test" finished-at="2023-05-08T12:18:42 NPT" duration-ms="11531">
      <class name="testRunners.AddRemoveElementsTests">
        <test-method is-config="true" signature="setup()[pri:0, instance:testRunners.AddRemoveElementsTests@7ce3cb8e]" started-at="2023-05-08T12:18:31 NPT" name="setup" description="Suite Level Setup" finished-at="2023-05-08T12:18:31 NPT" duration-ms="211" status="PASS">
          <reporter-output>
          </reporter-output>
        </test-method> <!-- setup -->
        <test-method is-config="true" signature="classLevelSetup()[pri:0, instance:testRunners.AddRemoveElementsTests@7ce3cb8e]" started-at="2023-05-08T12:18:31 NPT" name="classLevelSetup" description="Class Level Setup!" finished-at="2023-05-08T12:18:37 NPT" duration-ms="6036" status="PASS">
          <reporter-output>
          </reporter-output>
        </test-method> <!-- classLevelSetup -->
        <test-method is-config="true" signature="methodLevelSetup()[pri:0, instance:testRunners.AddRemoveElementsTests@7ce3cb8e]" started-at="2023-05-08T12:18:37 NPT" name="methodLevelSetup" description="Method Level Setup!" finished-at="2023-05-08T12:18:42 NPT" duration-ms="4621" status="PASS">
          <reporter-output>
          </reporter-output>
        </test-method> <!-- methodLevelSetup -->
        <test-method signature="addElementTest()[pri:1, instance:testRunners.AddRemoveElementsTests@7ce3cb8e]" started-at="2023-05-08T12:18:42 NPT" name="addElementTest" description="Invalid Login Scenario with wrong username and password." finished-at="2023-05-08T12:18:42 NPT" duration-ms="128" status="PASS">
          <reporter-output>
          </reporter-output>
        </test-method> <!-- addElementTest -->
        <test-method is-config="true" signature="methodLevelSetup()[pri:0, instance:testRunners.AddRemoveElementsTests@7ce3cb8e]" started-at="2023-05-08T12:18:42 NPT" name="methodLevelSetup" description="Method Level Setup!" finished-at="2023-05-08T12:18:42 NPT" duration-ms="0" status="PASS">
          <reporter-output>
          </reporter-output>
        </test-method> <!-- methodLevelSetup -->
        <test-method signature="removeElementTest()[pri:2, instance:testRunners.AddRemoveElementsTests@7ce3cb8e]" started-at="2023-05-08T12:18:42 NPT" name="removeElementTest" description="removing element test" finished-at="2023-05-08T12:18:42 NPT" duration-ms="83" status="PASS">
          <reporter-output>
          </reporter-output>
        </test-method> <!-- removeElementTest -->
        <test-method is-config="true" signature="classLevelTeardown()[pri:0, instance:testRunners.AddRemoveElementsTests@7ce3cb8e]" started-at="2023-05-08T12:18:42 NPT" name="classLevelTeardown" description="Class Level Teardown!" finished-at="2023-05-08T12:18:42 NPT" duration-ms="623" status="PASS">
          <reporter-output>
          </reporter-output>
        </test-method> <!-- classLevelTeardown -->
        <test-method is-config="true" signature="tearDown()[pri:0, instance:testRunners.AddRemoveElementsTests@7ce3cb8e]" started-at="2023-05-08T12:18:43 NPT" name="tearDown" finished-at="2023-05-08T12:18:43 NPT" duration-ms="425" status="PASS">
          <reporter-output>
          </reporter-output>
        </test-method> <!-- tearDown -->
      </class> <!-- testRunners.AddRemoveElementsTests -->
    </test> <!-- Surefire test -->
  </suite> <!-- Surefire suite -->
</testng-results>
